<?xml version="1.0" encoding="utf-8" standalone="no"?>
<test-run id="2" testcasecount="8" result="Passed" total="8" passed="8" failed="0" inconclusive="0" skipped="0" asserts="24" engine-version="3.8.0.0" clr-version="4.0.30319.42000" start-time="2019-02-06 02:14:18Z" end-time="2019-02-06 02:14:22Z" duration="3.847831">
  <command-line><![CDATA[/var/build/workspace/build-platform-sdks/platform-client-sdk-common/resources/sdk/pureclouddotnet/bin/nunit/nunit3-console.exe /var/build/workspace/build-platform-sdks/platform-client-sdk-common/output/pureclouddotnet/build/bin/PureCloudPlatform.Client.V2.Tests.dll]]></command-line>
  <test-suite type="Assembly" id="0-1009" name="PureCloudPlatform.Client.V2.Tests.dll" fullname="/var/build/workspace/build-platform-sdks/platform-client-sdk-common/output/pureclouddotnet/build/bin/PureCloudPlatform.Client.V2.Tests.dll" runstate="Runnable" testcasecount="8" result="Passed" start-time="2019-02-06 02:14:19Z" end-time="2019-02-06 02:14:22Z" duration="2.857330" total="8" passed="8" failed="0" warnings="0" inconclusive="0" skipped="0" asserts="24">
    <environment framework-version="3.10.1.0" clr-version="4.0.30319.42000" os-version="Unix 4.14.94.73" platform="Unix" cwd="/var/build/workspace/build-platform-sdks/platform-client-sdk-common/output/pureclouddotnet/build" machine-name="ip-10-25-217-219" user="jenkins" user-domain="ip-10-25-217-219" culture="en-US" uiculture="en-US" os-architecture="x64" />
    <settings>
      <setting name="DisposeRunners" value="True" />
      <setting name="WorkDirectory" value="/var/build/workspace/build-platform-sdks/platform-client-sdk-common/output/pureclouddotnet/build" />
      <setting name="ImageRuntimeVersion" value="4.0.30319" />
      <setting name="ImageRequiresX86" value="False" />
      <setting name="ImageRequiresDefaultAppDomainAssemblyResolver" value="False" />
      <setting name="NumberOfTestWorkers" value="4" />
    </settings>
    <properties>
      <property name="_PID" value="21861" />
      <property name="_APPDOMAIN" value="domain-" />
    </properties>
    <test-suite type="TestSuite" id="0-1010" name="PureCloudPlatform" fullname="PureCloudPlatform" runstate="Runnable" testcasecount="8" result="Passed" start-time="2019-02-06 02:14:19Z" end-time="2019-02-06 02:14:22Z" duration="2.840502" total="8" passed="8" failed="0" warnings="0" inconclusive="0" skipped="0" asserts="24">
      <test-suite type="TestSuite" id="0-1011" name="Client" fullname="PureCloudPlatform.Client" runstate="Runnable" testcasecount="8" result="Passed" start-time="2019-02-06 02:14:19Z" end-time="2019-02-06 02:14:22Z" duration="2.840053" total="8" passed="8" failed="0" warnings="0" inconclusive="0" skipped="0" asserts="24">
        <test-suite type="TestSuite" id="0-1012" name="V2" fullname="PureCloudPlatform.Client.V2" runstate="Runnable" testcasecount="8" result="Passed" start-time="2019-02-06 02:14:19Z" end-time="2019-02-06 02:14:22Z" duration="2.840028" total="8" passed="8" failed="0" warnings="0" inconclusive="0" skipped="0" asserts="24">
          <test-suite type="TestSuite" id="0-1013" name="Tests" fullname="PureCloudPlatform.Client.V2.Tests" runstate="Runnable" testcasecount="8" result="Passed" start-time="2019-02-06 02:14:19Z" end-time="2019-02-06 02:14:22Z" duration="2.840005" total="8" passed="8" failed="0" warnings="0" inconclusive="0" skipped="0" asserts="24">
            <test-suite type="TestFixture" id="0-1000" name="SdkTests" fullname="PureCloudPlatform.Client.V2.Tests.SdkTests" classname="PureCloudPlatform.Client.V2.Tests.SdkTests" runstate="Runnable" testcasecount="8" result="Passed" start-time="2019-02-06 02:14:19Z" end-time="2019-02-06 02:14:22Z" duration="2.837250" total="8" passed="8" failed="0" warnings="0" inconclusive="0" skipped="0" asserts="24">
              <properties>
                <property name="Timeout" value="60000" />
              </properties>
              <test-case id="0-1001" name="TraceBasicInformation" fullname="PureCloudPlatform.Client.V2.Tests.SdkTests.TraceBasicInformation" methodname="TraceBasicInformation" classname="PureCloudPlatform.Client.V2.Tests.SdkTests" runstate="Runnable" seed="1100794719" result="Passed" start-time="2019-02-06 02:14:19Z" end-time="2019-02-06 02:14:19Z" duration="0.040776" asserts="6">
                <properties>
                  <property name="Order" value="0" />
                </properties>
                <output><![CDATA[PURECLOUD_ENVIRONMENT=mypurecloud.com
PURECLOUD_CLIENT_ID=7de3af06-c0b3-4f9b-af45-72f4a14037cc
userEmail=80b26e48-47cd-4df3-a00b-deb0eb7709c8@mypurecloud.com
]]></output>
              </test-case>
              <test-case id="0-1002" name="Authenticate" fullname="PureCloudPlatform.Client.V2.Tests.SdkTests.Authenticate" methodname="Authenticate" classname="PureCloudPlatform.Client.V2.Tests.SdkTests" runstate="Runnable" seed="818953671" result="Passed" start-time="2019-02-06 02:14:19Z" end-time="2019-02-06 02:14:20Z" duration="1.309280" asserts="1">
                <properties>
                  <property name="Order" value="1" />
                </properties>
              </test-case>
              <test-case id="0-1003" name="CreateUser" fullname="PureCloudPlatform.Client.V2.Tests.SdkTests.CreateUser" methodname="CreateUser" classname="PureCloudPlatform.Client.V2.Tests.SdkTests" runstate="Runnable" seed="1884628796" result="Passed" start-time="2019-02-06 02:14:20Z" end-time="2019-02-06 02:14:21Z" duration="0.689181" asserts="2">
                <properties>
                  <property name="Order" value="2" />
                </properties>
                <output><![CDATA[Created user with ID ef4e071b-df63-4c3d-96d1-fce1a4e0d02e
]]></output>
              </test-case>
              <test-case id="0-1004" name="UpdateUser" fullname="PureCloudPlatform.Client.V2.Tests.SdkTests.UpdateUser" methodname="UpdateUser" classname="PureCloudPlatform.Client.V2.Tests.SdkTests" runstate="Runnable" seed="1110556890" result="Passed" start-time="2019-02-06 02:14:21Z" end-time="2019-02-06 02:14:21Z" duration="0.131665" asserts="4">
                <properties>
                  <property name="Order" value="3" />
                </properties>
              </test-case>
              <test-case id="0-1005" name="SetProfileSkills" fullname="PureCloudPlatform.Client.V2.Tests.SdkTests.SetProfileSkills" methodname="SetProfileSkills" classname="PureCloudPlatform.Client.V2.Tests.SdkTests" runstate="Runnable" seed="1108572926" result="Passed" start-time="2019-02-06 02:14:21Z" end-time="2019-02-06 02:14:21Z" duration="0.108126" asserts="2">
                <properties>
                  <property name="Order" value="4" />
                </properties>
              </test-case>
              <test-case id="0-1006" name="TestNotifications" fullname="PureCloudPlatform.Client.V2.Tests.SdkTests.TestNotifications" methodname="TestNotifications" classname="PureCloudPlatform.Client.V2.Tests.SdkTests" runstate="Runnable" seed="2085912644" result="Passed" start-time="2019-02-06 02:14:21Z" end-time="2019-02-06 02:14:22Z" duration="0.226314" asserts="2">
                <properties>
                  <property name="Order" value="5" />
                </properties>
              </test-case>
              <test-case id="0-1007" name="GetUser" fullname="PureCloudPlatform.Client.V2.Tests.SdkTests.GetUser" methodname="GetUser" classname="PureCloudPlatform.Client.V2.Tests.SdkTests" runstate="Runnable" seed="1213041632" result="Passed" start-time="2019-02-06 02:14:22Z" end-time="2019-02-06 02:14:22Z" duration="0.060963" asserts="7">
                <properties>
                  <property name="Order" value="6" />
                </properties>
              </test-case>
              <test-case id="0-1008" name="DeleteUser" fullname="PureCloudPlatform.Client.V2.Tests.SdkTests.DeleteUser" methodname="DeleteUser" classname="PureCloudPlatform.Client.V2.Tests.SdkTests" runstate="Runnable" seed="1085027579" result="Passed" start-time="2019-02-06 02:14:22Z" end-time="2019-02-06 02:14:22Z" duration="0.171578" asserts="0">
                <properties>
                  <property name="Order" value="7" />
                </properties>
              </test-case>
            </test-suite>
          </test-suite>
        </test-suite>
      </test-suite>
    </test-suite>
  </test-suite>
</test-run>