<?xml version="1.0" encoding="utf-8" standalone="no"?>
<test-run id="2" testcasecount="8" result="Passed" total="8" passed="8" failed="0" inconclusive="0" skipped="0" asserts="24" engine-version="3.8.0.0" clr-version="4.0.30319.42000" start-time="2018-08-03 10:04:47Z" end-time="2018-08-03 10:04:54Z" duration="6.461468">
  <command-line><![CDATA[/var/build/workspace/build-platform-sdks/platform-client-sdk-common/resources/sdk/pureclouddotnet/bin/nunit/nunit3-console.exe /var/build/workspace/build-platform-sdks/platform-client-sdk-common/output/pureclouddotnet/build/bin/PureCloudPlatform.Client.V2.Tests.dll]]></command-line>
  <test-suite type="Assembly" id="0-1009" name="PureCloudPlatform.Client.V2.Tests.dll" fullname="/var/build/workspace/build-platform-sdks/platform-client-sdk-common/output/pureclouddotnet/build/bin/PureCloudPlatform.Client.V2.Tests.dll" runstate="Runnable" testcasecount="8" result="Passed" start-time="2018-08-03 10:04:50Z" end-time="2018-08-03 10:04:54Z" duration="3.691960" total="8" passed="8" failed="0" warnings="0" inconclusive="0" skipped="0" asserts="24">
    <environment framework-version="3.10.1.0" clr-version="4.0.30319.42000" os-version="Unix 4.14.55.62" platform="Unix" cwd="/var/build/workspace/build-platform-sdks/platform-client-sdk-common/output/pureclouddotnet/build" machine-name="jslave-traditional-10-25-223-42" user="jenkins" user-domain="jslave-traditional-10-25-223-42" culture="en-US" uiculture="en-US" os-architecture="x64" />
    <settings>
      <setting name="DisposeRunners" value="True" />
      <setting name="WorkDirectory" value="/var/build/workspace/build-platform-sdks/platform-client-sdk-common/output/pureclouddotnet/build" />
      <setting name="ImageRuntimeVersion" value="4.0.30319" />
      <setting name="ImageRequiresX86" value="False" />
      <setting name="ImageRequiresDefaultAppDomainAssemblyResolver" value="False" />
      <setting name="NumberOfTestWorkers" value="4" />
    </settings>
    <properties>
      <property name="_PID" value="32520" />
      <property name="_APPDOMAIN" value="domain-" />
    </properties>
    <test-suite type="TestSuite" id="0-1010" name="PureCloudPlatform" fullname="PureCloudPlatform" runstate="Runnable" testcasecount="8" result="Passed" start-time="2018-08-03 10:04:50Z" end-time="2018-08-03 10:04:54Z" duration="3.664202" total="8" passed="8" failed="0" warnings="0" inconclusive="0" skipped="0" asserts="24">
      <test-suite type="TestSuite" id="0-1011" name="Client" fullname="PureCloudPlatform.Client" runstate="Runnable" testcasecount="8" result="Passed" start-time="2018-08-03 10:04:50Z" end-time="2018-08-03 10:04:54Z" duration="3.654857" total="8" passed="8" failed="0" warnings="0" inconclusive="0" skipped="0" asserts="24">
        <test-suite type="TestSuite" id="0-1012" name="V2" fullname="PureCloudPlatform.Client.V2" runstate="Runnable" testcasecount="8" result="Passed" start-time="2018-08-03 10:04:50Z" end-time="2018-08-03 10:04:54Z" duration="3.649950" total="8" passed="8" failed="0" warnings="0" inconclusive="0" skipped="0" asserts="24">
          <test-suite type="TestSuite" id="0-1013" name="Tests" fullname="PureCloudPlatform.Client.V2.Tests" runstate="Runnable" testcasecount="8" result="Passed" start-time="2018-08-03 10:04:50Z" end-time="2018-08-03 10:04:54Z" duration="3.648718" total="8" passed="8" failed="0" warnings="0" inconclusive="0" skipped="0" asserts="24">
            <test-suite type="TestFixture" id="0-1000" name="SdkTests" fullname="PureCloudPlatform.Client.V2.Tests.SdkTests" classname="PureCloudPlatform.Client.V2.Tests.SdkTests" runstate="Runnable" testcasecount="8" result="Passed" start-time="2018-08-03 10:04:50Z" end-time="2018-08-03 10:04:54Z" duration="3.631401" total="8" passed="8" failed="0" warnings="0" inconclusive="0" skipped="0" asserts="24">
              <properties>
                <property name="Timeout" value="60000" />
              </properties>
              <test-case id="0-1001" name="TraceBasicInformation" fullname="PureCloudPlatform.Client.V2.Tests.SdkTests.TraceBasicInformation" methodname="TraceBasicInformation" classname="PureCloudPlatform.Client.V2.Tests.SdkTests" runstate="Runnable" seed="923070285" result="Passed" start-time="2018-08-03 10:04:50Z" end-time="2018-08-03 10:04:50Z" duration="0.085498" asserts="6">
                <properties>
                  <property name="Order" value="0" />
                </properties>
                <output><![CDATA[PURECLOUD_ENVIRONMENT=mypurecloud.com
PURECLOUD_CLIENT_ID=7de3af06-c0b3-4f9b-af45-72f4a14037cc
userEmail=0fd69355-fcba-4d82-a3c6-fb968c85b08f@mypurecloud.com
]]></output>
              </test-case>
              <test-case id="0-1002" name="Authenticate" fullname="PureCloudPlatform.Client.V2.Tests.SdkTests.Authenticate" methodname="Authenticate" classname="PureCloudPlatform.Client.V2.Tests.SdkTests" runstate="Runnable" seed="1755395421" result="Passed" start-time="2018-08-03 10:04:50Z" end-time="2018-08-03 10:04:51Z" duration="1.124224" asserts="1">
                <properties>
                  <property name="Order" value="1" />
                </properties>
              </test-case>
              <test-case id="0-1003" name="CreateUser" fullname="PureCloudPlatform.Client.V2.Tests.SdkTests.CreateUser" methodname="CreateUser" classname="PureCloudPlatform.Client.V2.Tests.SdkTests" runstate="Runnable" seed="205533310" result="Passed" start-time="2018-08-03 10:04:51Z" end-time="2018-08-03 10:04:52Z" duration="0.819544" asserts="2">
                <properties>
                  <property name="Order" value="2" />
                </properties>
                <output><![CDATA[Created user with ID 6fcc5b6e-1120-4469-9e3c-faa8cb4c9aa9
]]></output>
              </test-case>
              <test-case id="0-1004" name="UpdateUser" fullname="PureCloudPlatform.Client.V2.Tests.SdkTests.UpdateUser" methodname="UpdateUser" classname="PureCloudPlatform.Client.V2.Tests.SdkTests" runstate="Runnable" seed="1516377784" result="Passed" start-time="2018-08-03 10:04:52Z" end-time="2018-08-03 10:04:53Z" duration="0.207415" asserts="4">
                <properties>
                  <property name="Order" value="3" />
                </properties>
              </test-case>
              <test-case id="0-1005" name="SetProfileSkills" fullname="PureCloudPlatform.Client.V2.Tests.SdkTests.SetProfileSkills" methodname="SetProfileSkills" classname="PureCloudPlatform.Client.V2.Tests.SdkTests" runstate="Runnable" seed="992766968" result="Passed" start-time="2018-08-03 10:04:53Z" end-time="2018-08-03 10:04:53Z" duration="0.184126" asserts="2">
                <properties>
                  <property name="Order" value="4" />
                </properties>
              </test-case>
              <test-case id="0-1006" name="TestNotifications" fullname="PureCloudPlatform.Client.V2.Tests.SdkTests.TestNotifications" methodname="TestNotifications" classname="PureCloudPlatform.Client.V2.Tests.SdkTests" runstate="Runnable" seed="406289958" result="Passed" start-time="2018-08-03 10:04:53Z" end-time="2018-08-03 10:04:53Z" duration="0.545085" asserts="2">
                <properties>
                  <property name="Order" value="5" />
                </properties>
              </test-case>
              <test-case id="0-1007" name="GetUser" fullname="PureCloudPlatform.Client.V2.Tests.SdkTests.GetUser" methodname="GetUser" classname="PureCloudPlatform.Client.V2.Tests.SdkTests" runstate="Runnable" seed="177137147" result="Passed" start-time="2018-08-03 10:04:53Z" end-time="2018-08-03 10:04:53Z" duration="0.123904" asserts="7">
                <properties>
                  <property name="Order" value="6" />
                </properties>
              </test-case>
              <test-case id="0-1008" name="DeleteUser" fullname="PureCloudPlatform.Client.V2.Tests.SdkTests.DeleteUser" methodname="DeleteUser" classname="PureCloudPlatform.Client.V2.Tests.SdkTests" runstate="Runnable" seed="1186234217" result="Passed" start-time="2018-08-03 10:04:53Z" end-time="2018-08-03 10:04:54Z" duration="0.227012" asserts="0">
                <properties>
                  <property name="Order" value="7" />
                </properties>
              </test-case>
            </test-suite>
          </test-suite>
        </test-suite>
      </test-suite>
    </test-suite>
  </test-suite>
</test-run>