<?xml version="1.0" encoding="utf-8" standalone="no"?>
<test-run id="2" testcasecount="8" result="Passed" total="8" passed="8" failed="0" inconclusive="0" skipped="0" asserts="24" engine-version="3.8.0.0" clr-version="4.0.30319.42000" start-time="2019-10-19 03:24:39Z" end-time="2019-10-19 03:24:41Z" duration="2.676040">
  <command-line><![CDATA[/var/build/workspace/build-platform-sdks/platform-client-sdk-common/resources/sdk/pureclouddotnet/bin/nunit/nunit3-console.exe /var/build/workspace/build-platform-sdks/platform-client-sdk-common/output/pureclouddotnet/build/bin/PureCloudPlatform.Client.V2.Tests.dll]]></command-line>
  <test-suite type="Assembly" id="0-1009" name="PureCloudPlatform.Client.V2.Tests.dll" fullname="/var/build/workspace/build-platform-sdks/platform-client-sdk-common/output/pureclouddotnet/build/bin/PureCloudPlatform.Client.V2.Tests.dll" runstate="Runnable" testcasecount="8" result="Passed" start-time="2019-10-19 03:24:40Z" end-time="2019-10-19 03:24:41Z" duration="1.743426" total="8" passed="8" failed="0" warnings="0" inconclusive="0" skipped="0" asserts="24">
    <environment framework-version="3.10.1.0" clr-version="4.0.30319.42000" os-version="Unix 4.14.146.93" platform="Unix" cwd="/var/build/workspace/build-platform-sdks/platform-client-sdk-common/output/pureclouddotnet/build" machine-name="jslave-traditional-10-25-225-34" user="jenkins" user-domain="jslave-traditional-10-25-225-34" culture="en-US" uiculture="en-US" os-architecture="x64" />
    <settings>
      <setting name="DisposeRunners" value="True" />
      <setting name="WorkDirectory" value="/var/build/workspace/build-platform-sdks/platform-client-sdk-common/output/pureclouddotnet/build" />
      <setting name="ImageRuntimeVersion" value="4.0.30319" />
      <setting name="ImageRequiresX86" value="False" />
      <setting name="ImageRequiresDefaultAppDomainAssemblyResolver" value="False" />
      <setting name="NumberOfTestWorkers" value="4" />
    </settings>
    <properties>
      <property name="_PID" value="16446" />
      <property name="_APPDOMAIN" value="domain-" />
    </properties>
    <test-suite type="TestSuite" id="0-1010" name="PureCloudPlatform" fullname="PureCloudPlatform" runstate="Runnable" testcasecount="8" result="Passed" start-time="2019-10-19 03:24:40Z" end-time="2019-10-19 03:24:41Z" duration="1.730832" total="8" passed="8" failed="0" warnings="0" inconclusive="0" skipped="0" asserts="24">
      <test-suite type="TestSuite" id="0-1011" name="Client" fullname="PureCloudPlatform.Client" runstate="Runnable" testcasecount="8" result="Passed" start-time="2019-10-19 03:24:40Z" end-time="2019-10-19 03:24:41Z" duration="1.730658" total="8" passed="8" failed="0" warnings="0" inconclusive="0" skipped="0" asserts="24">
        <test-suite type="TestSuite" id="0-1012" name="V2" fullname="PureCloudPlatform.Client.V2" runstate="Runnable" testcasecount="8" result="Passed" start-time="2019-10-19 03:24:40Z" end-time="2019-10-19 03:24:41Z" duration="1.730638" total="8" passed="8" failed="0" warnings="0" inconclusive="0" skipped="0" asserts="24">
          <test-suite type="TestSuite" id="0-1013" name="Tests" fullname="PureCloudPlatform.Client.V2.Tests" runstate="Runnable" testcasecount="8" result="Passed" start-time="2019-10-19 03:24:40Z" end-time="2019-10-19 03:24:41Z" duration="1.730620" total="8" passed="8" failed="0" warnings="0" inconclusive="0" skipped="0" asserts="24">
            <test-suite type="TestFixture" id="0-1000" name="SdkTests" fullname="PureCloudPlatform.Client.V2.Tests.SdkTests" classname="PureCloudPlatform.Client.V2.Tests.SdkTests" runstate="Runnable" testcasecount="8" result="Passed" start-time="2019-10-19 03:24:40Z" end-time="2019-10-19 03:24:41Z" duration="1.728759" total="8" passed="8" failed="0" warnings="0" inconclusive="0" skipped="0" asserts="24">
              <properties>
                <property name="Timeout" value="60000" />
              </properties>
              <test-case id="0-1001" name="TraceBasicInformation" fullname="PureCloudPlatform.Client.V2.Tests.SdkTests.TraceBasicInformation" methodname="TraceBasicInformation" classname="PureCloudPlatform.Client.V2.Tests.SdkTests" runstate="Runnable" seed="497004274" result="Passed" start-time="2019-10-19 03:24:40Z" end-time="2019-10-19 03:24:40Z" duration="0.013933" asserts="6">
                <properties>
                  <property name="Order" value="0" />
                </properties>
                <output><![CDATA[PURECLOUD_ENVIRONMENT=mypurecloud.com
PURECLOUD_CLIENT_ID=7de3af06-c0b3-4f9b-af45-72f4a14037cc
userEmail=a99393b8-7721-4a37-8f6b-65d8d89cb0e7@mypurecloud.com
]]></output>
              </test-case>
              <test-case id="0-1002" name="Authenticate" fullname="PureCloudPlatform.Client.V2.Tests.SdkTests.Authenticate" methodname="Authenticate" classname="PureCloudPlatform.Client.V2.Tests.SdkTests" runstate="Runnable" seed="1765630597" result="Passed" start-time="2019-10-19 03:24:40Z" end-time="2019-10-19 03:24:40Z" duration="0.324098" asserts="1">
                <properties>
                  <property name="Order" value="1" />
                </properties>
              </test-case>
              <test-case id="0-1003" name="CreateUser" fullname="PureCloudPlatform.Client.V2.Tests.SdkTests.CreateUser" methodname="CreateUser" classname="PureCloudPlatform.Client.V2.Tests.SdkTests" runstate="Runnable" seed="663545325" result="Passed" start-time="2019-10-19 03:24:40Z" end-time="2019-10-19 03:24:41Z" duration="0.578856" asserts="2">
                <properties>
                  <property name="Order" value="2" />
                </properties>
                <output><![CDATA[Created user with ID 23f7a9cf-c780-4bcf-bb7c-029ad9136cd0
]]></output>
              </test-case>
              <test-case id="0-1004" name="UpdateUser" fullname="PureCloudPlatform.Client.V2.Tests.SdkTests.UpdateUser" methodname="UpdateUser" classname="PureCloudPlatform.Client.V2.Tests.SdkTests" runstate="Runnable" seed="1242362330" result="Passed" start-time="2019-10-19 03:24:41Z" end-time="2019-10-19 03:24:41Z" duration="0.116791" asserts="4">
                <properties>
                  <property name="Order" value="3" />
                </properties>
              </test-case>
              <test-case id="0-1005" name="SetProfileSkills" fullname="PureCloudPlatform.Client.V2.Tests.SdkTests.SetProfileSkills" methodname="SetProfileSkills" classname="PureCloudPlatform.Client.V2.Tests.SdkTests" runstate="Runnable" seed="302572537" result="Passed" start-time="2019-10-19 03:24:41Z" end-time="2019-10-19 03:24:41Z" duration="0.111098" asserts="2">
                <properties>
                  <property name="Order" value="4" />
                </properties>
              </test-case>
              <test-case id="0-1006" name="TestNotifications" fullname="PureCloudPlatform.Client.V2.Tests.SdkTests.TestNotifications" methodname="TestNotifications" classname="PureCloudPlatform.Client.V2.Tests.SdkTests" runstate="Runnable" seed="685864191" result="Passed" start-time="2019-10-19 03:24:41Z" end-time="2019-10-19 03:24:41Z" duration="0.229991" asserts="2">
                <properties>
                  <property name="Order" value="5" />
                </properties>
              </test-case>
              <test-case id="0-1007" name="GetUser" fullname="PureCloudPlatform.Client.V2.Tests.SdkTests.GetUser" methodname="GetUser" classname="PureCloudPlatform.Client.V2.Tests.SdkTests" runstate="Runnable" seed="21564162" result="Passed" start-time="2019-10-19 03:24:41Z" end-time="2019-10-19 03:24:41Z" duration="0.124695" asserts="7">
                <properties>
                  <property name="Order" value="6" />
                </properties>
              </test-case>
              <test-case id="0-1008" name="DeleteUser" fullname="PureCloudPlatform.Client.V2.Tests.SdkTests.DeleteUser" methodname="DeleteUser" classname="PureCloudPlatform.Client.V2.Tests.SdkTests" runstate="Runnable" seed="1353202592" result="Passed" start-time="2019-10-19 03:24:41Z" end-time="2019-10-19 03:24:41Z" duration="0.152054" asserts="0">
                <properties>
                  <property name="Order" value="7" />
                </properties>
              </test-case>
            </test-suite>
          </test-suite>
        </test-suite>
      </test-suite>
    </test-suite>
  </test-suite>
</test-run>